<?xml version="1.0" encoding="UTF-8"?>
<testng-results ignored="0" total="1" passed="1" failed="0" skipped="0">
  <reporter-output>
  </reporter-output>
  <suite started-at="2023-11-09T14:49:59 IST" name="Default suite" finished-at="2023-11-09T14:50:32 IST" duration-ms="32898">
    <groups>
    </groups>
    <test started-at="2023-11-09T14:49:59 IST" name="Default test" finished-at="2023-11-09T14:50:32 IST" duration-ms="32898">
      <class name="com.example.facebook.Facebook">
        <test-method signature="uploadImageOnFacebook()[pri:0, instance:com.example.facebook.Facebook@32502377]" started-at="2023-11-09T14:49:59 IST" name="uploadImageOnFacebook" finished-at="2023-11-09T14:50:32 IST" duration-ms="32836" status="PASS">
          <reporter-output>
          </reporter-output>
        </test-method> <!-- uploadImageOnFacebook -->
      </class> <!-- com.example.facebook.Facebook -->
    </test> <!-- Default test -->
  </suite> <!-- Default suite -->
</testng-results>
